CRITICAL - 2023-05-01 19:43:02 --> Invalid file: "/pages/login.php"
in SYSTEMPATH\Exceptions\FrameworkException.php on line 33.
 1 SYSTEMPATH\View\View.php(201): CodeIgniter\Exceptions\FrameworkException::forInvalidFile('/pages/login.php')
 2 SYSTEMPATH\Common.php(1184): CodeIgniter\View\View->render('/pages/login', [], true)
 3 APPPATH\Controllers\Registro.php(13): view('/pages/login')
 4 SYSTEMPATH\CodeIgniter.php(934): App\Controllers\Registro->index()
 5 SYSTEMPATH\CodeIgniter.php(499): CodeIgniter\CodeIgniter->runController(Object(App\Controllers\Registro))
 6 SYSTEMPATH\CodeIgniter.php(368): CodeIgniter\CodeIgniter->handleRequest(null, Object(Config\Cache), false)
 7 FCPATH\index.php(67): CodeIgniter\CodeIgniter->run()
CRITICAL - 2023-05-01 19:43:18 --> Invalid file: "/pages/login.php"
in SYSTEMPATH\Exceptions\FrameworkException.php on line 33.
 1 SYSTEMPATH\View\View.php(201): CodeIgniter\Exceptions\FrameworkException::forInvalidFile('/pages/login.php')
 2 SYSTEMPATH\Common.php(1184): CodeIgniter\View\View->render('/pages/login', [], true)
 3 APPPATH\Controllers\Registro.php(13): view('/pages/login')
 4 SYSTEMPATH\CodeIgniter.php(934): App\Controllers\Registro->index()
 5 SYSTEMPATH\CodeIgniter.php(499): CodeIgniter\CodeIgniter->runController(Object(App\Controllers\Registro))
 6 SYSTEMPATH\CodeIgniter.php(368): CodeIgniter\CodeIgniter->handleRequest(null, Object(Config\Cache), false)
 7 FCPATH\index.php(67): CodeIgniter\CodeIgniter->run()
CRITICAL - 2023-05-01 19:44:13 --> Invalid file: "/pages/login.php"
in SYSTEMPATH\Exceptions\FrameworkException.php on line 33.
 1 SYSTEMPATH\View\View.php(201): CodeIgniter\Exceptions\FrameworkException::forInvalidFile('/pages/login.php')
 2 SYSTEMPATH\Common.php(1184): CodeIgniter\View\View->render('/pages/login', [], true)
 3 APPPATH\Controllers\Registro.php(13): view('/pages/login')
 4 SYSTEMPATH\CodeIgniter.php(934): App\Controllers\Registro->index()
 5 SYSTEMPATH\CodeIgniter.php(499): CodeIgniter\CodeIgniter->runController(Object(App\Controllers\Registro))
 6 SYSTEMPATH\CodeIgniter.php(368): CodeIgniter\CodeIgniter->handleRequest(null, Object(Config\Cache), false)
 7 FCPATH\index.php(67): CodeIgniter\CodeIgniter->run()
CRITICAL - 2023-05-01 21:15:56 --> Invalid file: "/pages/footer-admin.php"
in SYSTEMPATH\Exceptions\FrameworkException.php on line 33.
 1 SYSTEMPATH\View\View.php(201): CodeIgniter\Exceptions\FrameworkException::forInvalidFile('/pages/footer-admin.php')
 2 SYSTEMPATH\Common.php(1184): CodeIgniter\View\View->render('/pages/footer-admin', [], true)
 3 APPPATH\Controllers\Dashboard.php(13): view('/pages/footer-admin')
 4 SYSTEMPATH\CodeIgniter.php(934): App\Controllers\Dashboard->index()
 5 SYSTEMPATH\CodeIgniter.php(499): CodeIgniter\CodeIgniter->runController(Object(App\Controllers\Dashboard))
 6 SYSTEMPATH\CodeIgniter.php(368): CodeIgniter\CodeIgniter->handleRequest(null, Object(Config\Cache), false)
 7 FCPATH\index.php(67): CodeIgniter\CodeIgniter->run()
