ERROR - 2023-05-03 23:23:26 --> Error connecting to the database: mysqli_sql_exception: Access denied for user 'root'@'localhost' (using password: NO) in C:\xampp\htdocs\TorresGamarra_EnriqueRamon\system\Database\MySQLi\Connection.php:173
Stack trace:
#0 C:\xampp\htdocs\TorresGamarra_EnriqueRamon\system\Database\MySQLi\Connection.php(173): mysqli->real_connect('localhost', 'root', Object(SensitiveParameterValue), 'bd_torresgamarr...', 3307, '', 0)
#1 C:\xampp\htdocs\TorresGamarra_EnriqueRamon\system\Database\BaseConnection.php(391): CodeIgniter\Database\MySQLi\Connection->connect(false)
#2 C:\xampp\htdocs\TorresGamarra_EnriqueRamon\system\Database\BaseConnection.php(573): CodeIgniter\Database\BaseConnection->initialize()
#3 C:\xampp\htdocs\TorresGamarra_EnriqueRamon\system\Database\BaseBuilder.php(1616): CodeIgniter\Database\BaseConnection->query('SELECT *\nFROM `...', Array, false)
#4 C:\xampp\htdocs\TorresGamarra_EnriqueRamon\app\Models\UsuarioModel.php(47): CodeIgniter\Database\BaseBuilder->get()
#5 C:\xampp\htdocs\TorresGamarra_EnriqueRamon\app\Controllers\UsuarioController.php(17): App\Models\UsuarioModel->obtenerUsuarios()
#6 C:\xampp\htdocs\TorresGamarra_EnriqueRamon\system\CodeIgniter.php(934): App\Controllers\UsuarioController->obtenerUsuarios()
#7 C:\xampp\htdocs\TorresGamarra_EnriqueRamon\system\CodeIgniter.php(499): CodeIgniter\CodeIgniter->runController(Object(App\Controllers\UsuarioController))
#8 C:\xampp\htdocs\TorresGamarra_EnriqueRamon\system\CodeIgniter.php(368): CodeIgniter\CodeIgniter->handleRequest(NULL, Object(Config\Cache), false)
#9 C:\xampp\htdocs\TorresGamarra_EnriqueRamon\index.php(67): CodeIgniter\CodeIgniter->run()
#10 {main}

Next CodeIgniter\Database\Exceptions\DatabaseException: Access denied for user '****'@'localhost' (using password: NO) in C:\xampp\htdocs\TorresGamarra_EnriqueRamon\system\Database\MySQLi\Connection.php:218
Stack trace:
#0 C:\xampp\htdocs\TorresGamarra_EnriqueRamon\system\Database\BaseConnection.php(391): CodeIgniter\Database\MySQLi\Connection->connect(false)
#1 C:\xampp\htdocs\TorresGamarra_EnriqueRamon\system\Database\BaseConnection.php(573): CodeIgniter\Database\BaseConnection->initialize()
#2 C:\xampp\htdocs\TorresGamarra_EnriqueRamon\system\Database\BaseBuilder.php(1616): CodeIgniter\Database\BaseConnection->query('SELECT *\nFROM `...', Array, false)
#3 C:\xampp\htdocs\TorresGamarra_EnriqueRamon\app\Models\UsuarioModel.php(47): CodeIgniter\Database\BaseBuilder->get()
#4 C:\xampp\htdocs\TorresGamarra_EnriqueRamon\app\Controllers\UsuarioController.php(17): App\Models\UsuarioModel->obtenerUsuarios()
#5 C:\xampp\htdocs\TorresGamarra_EnriqueRamon\system\CodeIgniter.php(934): App\Controllers\UsuarioController->obtenerUsuarios()
#6 C:\xampp\htdocs\TorresGamarra_EnriqueRamon\system\CodeIgniter.php(499): CodeIgniter\CodeIgniter->runController(Object(App\Controllers\UsuarioController))
#7 C:\xampp\htdocs\TorresGamarra_EnriqueRamon\system\CodeIgniter.php(368): CodeIgniter\CodeIgniter->handleRequest(NULL, Object(Config\Cache), false)
#8 C:\xampp\htdocs\TorresGamarra_EnriqueRamon\index.php(67): CodeIgniter\CodeIgniter->run()
#9 {main}
CRITICAL - 2023-05-03 23:23:26 --> Unable to connect to the database.
Main connection [MySQLi]: Access denied for user '****'@'localhost' (using password: NO)
in SYSTEMPATH\Database\BaseConnection.php on line 427.
 1 SYSTEMPATH\Database\BaseConnection.php(573): CodeIgniter\Database\BaseConnection->initialize()
 2 SYSTEMPATH\Database\BaseBuilder.php(1616): CodeIgniter\Database\BaseConnection->query('SELECT *
FROM `usuario`', [], false)
 3 APPPATH\Models\UsuarioModel.php(47): CodeIgniter\Database\BaseBuilder->get()
 4 APPPATH\Controllers\UsuarioController.php(17): App\Models\UsuarioModel->obtenerUsuarios()
 5 SYSTEMPATH\CodeIgniter.php(934): App\Controllers\UsuarioController->obtenerUsuarios()
 6 SYSTEMPATH\CodeIgniter.php(499): CodeIgniter\CodeIgniter->runController(Object(App\Controllers\UsuarioController))
 7 SYSTEMPATH\CodeIgniter.php(368): CodeIgniter\CodeIgniter->handleRequest(null, Object(Config\Cache), false)
 8 FCPATH\index.php(67): CodeIgniter\CodeIgniter->run()
ERROR - 2023-05-03 23:24:08 --> Error connecting to the database: ErrorException: mysqli::real_connect(): php_network_getaddresses: getaddrinfo for TorresGamarra_EnriqueRamon failed: No such host is known.  in C:\xampp\htdocs\TorresGamarra_EnriqueRamon\system\Database\MySQLi\Connection.php:173
Stack trace:
#0 [internal function]: CodeIgniter\Debug\Exceptions->errorHandler(2, 'mysqli::real_co...', 'C:\\xampp\\htdocs...', 173)
#1 C:\xampp\htdocs\TorresGamarra_EnriqueRamon\system\Database\MySQLi\Connection.php(173): mysqli->real_connect('TorresGamarra_E...', 'root', Object(SensitiveParameterValue), 'bd_torresgamarr...', 3306, '', 0)
#2 C:\xampp\htdocs\TorresGamarra_EnriqueRamon\system\Database\BaseConnection.php(391): CodeIgniter\Database\MySQLi\Connection->connect(false)
#3 C:\xampp\htdocs\TorresGamarra_EnriqueRamon\system\Database\BaseConnection.php(573): CodeIgniter\Database\BaseConnection->initialize()
#4 C:\xampp\htdocs\TorresGamarra_EnriqueRamon\system\Database\BaseBuilder.php(1616): CodeIgniter\Database\BaseConnection->query('SELECT *\nFROM `...', Array, false)
#5 C:\xampp\htdocs\TorresGamarra_EnriqueRamon\app\Models\UsuarioModel.php(47): CodeIgniter\Database\BaseBuilder->get()
#6 C:\xampp\htdocs\TorresGamarra_EnriqueRamon\app\Controllers\UsuarioController.php(17): App\Models\UsuarioModel->obtenerUsuarios()
#7 C:\xampp\htdocs\TorresGamarra_EnriqueRamon\system\CodeIgniter.php(934): App\Controllers\UsuarioController->obtenerUsuarios()
#8 C:\xampp\htdocs\TorresGamarra_EnriqueRamon\system\CodeIgniter.php(499): CodeIgniter\CodeIgniter->runController(Object(App\Controllers\UsuarioController))
#9 C:\xampp\htdocs\TorresGamarra_EnriqueRamon\system\CodeIgniter.php(368): CodeIgniter\CodeIgniter->handleRequest(NULL, Object(Config\Cache), false)
#10 C:\xampp\htdocs\TorresGamarra_EnriqueRamon\index.php(67): CodeIgniter\CodeIgniter->run()
#11 {main}

Next mysqli_sql_exception: php_network_getaddresses: getaddrinfo for TorresGamarra_EnriqueRamon failed: No such host is known.  in C:\xampp\htdocs\TorresGamarra_EnriqueRamon\system\Database\MySQLi\Connection.php:173
Stack trace:
#0 C:\xampp\htdocs\TorresGamarra_EnriqueRamon\system\Database\MySQLi\Connection.php(173): mysqli->real_connect('TorresGamarra_E...', 'root', Object(SensitiveParameterValue), 'bd_torresgamarr...', 3306, '', 0)
#1 C:\xampp\htdocs\TorresGamarra_EnriqueRamon\system\Database\BaseConnection.php(391): CodeIgniter\Database\MySQLi\Connection->connect(false)
#2 C:\xampp\htdocs\TorresGamarra_EnriqueRamon\system\Database\BaseConnection.php(573): CodeIgniter\Database\BaseConnection->initialize()
#3 C:\xampp\htdocs\TorresGamarra_EnriqueRamon\system\Database\BaseBuilder.php(1616): CodeIgniter\Database\BaseConnection->query('SELECT *\nFROM `...', Array, false)
#4 C:\xampp\htdocs\TorresGamarra_EnriqueRamon\app\Models\UsuarioModel.php(47): CodeIgniter\Database\BaseBuilder->get()
#5 C:\xampp\htdocs\TorresGamarra_EnriqueRamon\app\Controllers\UsuarioController.php(17): App\Models\UsuarioModel->obtenerUsuarios()
#6 C:\xampp\htdocs\TorresGamarra_EnriqueRamon\system\CodeIgniter.php(934): App\Controllers\UsuarioController->obtenerUsuarios()
#7 C:\xampp\htdocs\TorresGamarra_EnriqueRamon\system\CodeIgniter.php(499): CodeIgniter\CodeIgniter->runController(Object(App\Controllers\UsuarioController))
#8 C:\xampp\htdocs\TorresGamarra_EnriqueRamon\system\CodeIgniter.php(368): CodeIgniter\CodeIgniter->handleRequest(NULL, Object(Config\Cache), false)
#9 C:\xampp\htdocs\TorresGamarra_EnriqueRamon\index.php(67): CodeIgniter\CodeIgniter->run()
#10 {main}

Next CodeIgniter\Database\Exceptions\DatabaseException: php_network_getaddresses: getaddrinfo for TorresGamarra_EnriqueRamon failed: No such host is known.  in C:\xampp\htdocs\TorresGamarra_EnriqueRamon\system\Database\MySQLi\Connection.php:218
Stack trace:
#0 C:\xampp\htdocs\TorresGamarra_EnriqueRamon\system\Database\BaseConnection.php(391): CodeIgniter\Database\MySQLi\Connection->connect(false)
#1 C:\xampp\htdocs\TorresGamarra_EnriqueRamon\system\Database\BaseConnection.php(573): CodeIgniter\Database\BaseConnection->initialize()
#2 C:\xampp\htdocs\TorresGamarra_EnriqueRamon\system\Database\BaseBuilder.php(1616): CodeIgniter\Database\BaseConnection->query('SELECT *\nFROM `...', Array, false)
#3 C:\xampp\htdocs\TorresGamarra_EnriqueRamon\app\Models\UsuarioModel.php(47): CodeIgniter\Database\BaseBuilder->get()
#4 C:\xampp\htdocs\TorresGamarra_EnriqueRamon\app\Controllers\UsuarioController.php(17): App\Models\UsuarioModel->obtenerUsuarios()
#5 C:\xampp\htdocs\TorresGamarra_EnriqueRamon\system\CodeIgniter.php(934): App\Controllers\UsuarioController->obtenerUsuarios()
#6 C:\xampp\htdocs\TorresGamarra_EnriqueRamon\system\CodeIgniter.php(499): CodeIgniter\CodeIgniter->runController(Object(App\Controllers\UsuarioController))
#7 C:\xampp\htdocs\TorresGamarra_EnriqueRamon\system\CodeIgniter.php(368): CodeIgniter\CodeIgniter->handleRequest(NULL, Object(Config\Cache), false)
#8 C:\xampp\htdocs\TorresGamarra_EnriqueRamon\index.php(67): CodeIgniter\CodeIgniter->run()
#9 {main}
CRITICAL - 2023-05-03 23:24:08 --> Unable to connect to the database.
Main connection [MySQLi]: php_network_getaddresses: getaddrinfo for TorresGamarra_EnriqueRamon failed: No such host is known. 
in SYSTEMPATH\Database\BaseConnection.php on line 427.
 1 SYSTEMPATH\Database\BaseConnection.php(573): CodeIgniter\Database\BaseConnection->initialize()
 2 SYSTEMPATH\Database\BaseBuilder.php(1616): CodeIgniter\Database\BaseConnection->query('SELECT *
FROM `usuario`', [], false)
 3 APPPATH\Models\UsuarioModel.php(47): CodeIgniter\Database\BaseBuilder->get()
 4 APPPATH\Controllers\UsuarioController.php(17): App\Models\UsuarioModel->obtenerUsuarios()
 5 SYSTEMPATH\CodeIgniter.php(934): App\Controllers\UsuarioController->obtenerUsuarios()
 6 SYSTEMPATH\CodeIgniter.php(499): CodeIgniter\CodeIgniter->runController(Object(App\Controllers\UsuarioController))
 7 SYSTEMPATH\CodeIgniter.php(368): CodeIgniter\CodeIgniter->handleRequest(null, Object(Config\Cache), false)
 8 FCPATH\index.php(67): CodeIgniter\CodeIgniter->run()
ERROR - 2023-05-03 23:24:35 --> Error connecting to the database: ErrorException: mysqli::real_connect(): php_network_getaddresses: getaddrinfo for TorresGamarra_EnriqueRamon failed: No such host is known.  in C:\xampp\htdocs\TorresGamarra_EnriqueRamon\system\Database\MySQLi\Connection.php:173
Stack trace:
#0 [internal function]: CodeIgniter\Debug\Exceptions->errorHandler(2, 'mysqli::real_co...', 'C:\\xampp\\htdocs...', 173)
#1 C:\xampp\htdocs\TorresGamarra_EnriqueRamon\system\Database\MySQLi\Connection.php(173): mysqli->real_connect('TorresGamarra_E...', 'root', Object(SensitiveParameterValue), 'bd_torresgamarr...', 3307, '', 0)
#2 C:\xampp\htdocs\TorresGamarra_EnriqueRamon\system\Database\BaseConnection.php(391): CodeIgniter\Database\MySQLi\Connection->connect(false)
#3 C:\xampp\htdocs\TorresGamarra_EnriqueRamon\system\Database\BaseConnection.php(573): CodeIgniter\Database\BaseConnection->initialize()
#4 C:\xampp\htdocs\TorresGamarra_EnriqueRamon\system\Database\BaseBuilder.php(1616): CodeIgniter\Database\BaseConnection->query('SELECT *\nFROM `...', Array, false)
#5 C:\xampp\htdocs\TorresGamarra_EnriqueRamon\app\Models\UsuarioModel.php(47): CodeIgniter\Database\BaseBuilder->get()
#6 C:\xampp\htdocs\TorresGamarra_EnriqueRamon\app\Controllers\UsuarioController.php(17): App\Models\UsuarioModel->obtenerUsuarios()
#7 C:\xampp\htdocs\TorresGamarra_EnriqueRamon\system\CodeIgniter.php(934): App\Controllers\UsuarioController->obtenerUsuarios()
#8 C:\xampp\htdocs\TorresGamarra_EnriqueRamon\system\CodeIgniter.php(499): CodeIgniter\CodeIgniter->runController(Object(App\Controllers\UsuarioController))
#9 C:\xampp\htdocs\TorresGamarra_EnriqueRamon\system\CodeIgniter.php(368): CodeIgniter\CodeIgniter->handleRequest(NULL, Object(Config\Cache), false)
#10 C:\xampp\htdocs\TorresGamarra_EnriqueRamon\index.php(67): CodeIgniter\CodeIgniter->run()
#11 {main}

Next mysqli_sql_exception: php_network_getaddresses: getaddrinfo for TorresGamarra_EnriqueRamon failed: No such host is known.  in C:\xampp\htdocs\TorresGamarra_EnriqueRamon\system\Database\MySQLi\Connection.php:173
Stack trace:
#0 C:\xampp\htdocs\TorresGamarra_EnriqueRamon\system\Database\MySQLi\Connection.php(173): mysqli->real_connect('TorresGamarra_E...', 'root', Object(SensitiveParameterValue), 'bd_torresgamarr...', 3307, '', 0)
#1 C:\xampp\htdocs\TorresGamarra_EnriqueRamon\system\Database\BaseConnection.php(391): CodeIgniter\Database\MySQLi\Connection->connect(false)
#2 C:\xampp\htdocs\TorresGamarra_EnriqueRamon\system\Database\BaseConnection.php(573): CodeIgniter\Database\BaseConnection->initialize()
#3 C:\xampp\htdocs\TorresGamarra_EnriqueRamon\system\Database\BaseBuilder.php(1616): CodeIgniter\Database\BaseConnection->query('SELECT *\nFROM `...', Array, false)
#4 C:\xampp\htdocs\TorresGamarra_EnriqueRamon\app\Models\UsuarioModel.php(47): CodeIgniter\Database\BaseBuilder->get()
#5 C:\xampp\htdocs\TorresGamarra_EnriqueRamon\app\Controllers\UsuarioController.php(17): App\Models\UsuarioModel->obtenerUsuarios()
#6 C:\xampp\htdocs\TorresGamarra_EnriqueRamon\system\CodeIgniter.php(934): App\Controllers\UsuarioController->obtenerUsuarios()
#7 C:\xampp\htdocs\TorresGamarra_EnriqueRamon\system\CodeIgniter.php(499): CodeIgniter\CodeIgniter->runController(Object(App\Controllers\UsuarioController))
#8 C:\xampp\htdocs\TorresGamarra_EnriqueRamon\system\CodeIgniter.php(368): CodeIgniter\CodeIgniter->handleRequest(NULL, Object(Config\Cache), false)
#9 C:\xampp\htdocs\TorresGamarra_EnriqueRamon\index.php(67): CodeIgniter\CodeIgniter->run()
#10 {main}

Next CodeIgniter\Database\Exceptions\DatabaseException: php_network_getaddresses: getaddrinfo for TorresGamarra_EnriqueRamon failed: No such host is known.  in C:\xampp\htdocs\TorresGamarra_EnriqueRamon\system\Database\MySQLi\Connection.php:218
Stack trace:
#0 C:\xampp\htdocs\TorresGamarra_EnriqueRamon\system\Database\BaseConnection.php(391): CodeIgniter\Database\MySQLi\Connection->connect(false)
#1 C:\xampp\htdocs\TorresGamarra_EnriqueRamon\system\Database\BaseConnection.php(573): CodeIgniter\Database\BaseConnection->initialize()
#2 C:\xampp\htdocs\TorresGamarra_EnriqueRamon\system\Database\BaseBuilder.php(1616): CodeIgniter\Database\BaseConnection->query('SELECT *\nFROM `...', Array, false)
#3 C:\xampp\htdocs\TorresGamarra_EnriqueRamon\app\Models\UsuarioModel.php(47): CodeIgniter\Database\BaseBuilder->get()
#4 C:\xampp\htdocs\TorresGamarra_EnriqueRamon\app\Controllers\UsuarioController.php(17): App\Models\UsuarioModel->obtenerUsuarios()
#5 C:\xampp\htdocs\TorresGamarra_EnriqueRamon\system\CodeIgniter.php(934): App\Controllers\UsuarioController->obtenerUsuarios()
#6 C:\xampp\htdocs\TorresGamarra_EnriqueRamon\system\CodeIgniter.php(499): CodeIgniter\CodeIgniter->runController(Object(App\Controllers\UsuarioController))
#7 C:\xampp\htdocs\TorresGamarra_EnriqueRamon\system\CodeIgniter.php(368): CodeIgniter\CodeIgniter->handleRequest(NULL, Object(Config\Cache), false)
#8 C:\xampp\htdocs\TorresGamarra_EnriqueRamon\index.php(67): CodeIgniter\CodeIgniter->run()
#9 {main}
CRITICAL - 2023-05-03 23:24:35 --> Unable to connect to the database.
Main connection [MySQLi]: php_network_getaddresses: getaddrinfo for TorresGamarra_EnriqueRamon failed: No such host is known. 
in SYSTEMPATH\Database\BaseConnection.php on line 427.
 1 SYSTEMPATH\Database\BaseConnection.php(573): CodeIgniter\Database\BaseConnection->initialize()
 2 SYSTEMPATH\Database\BaseBuilder.php(1616): CodeIgniter\Database\BaseConnection->query('SELECT *
FROM `usuario`', [], false)
 3 APPPATH\Models\UsuarioModel.php(47): CodeIgniter\Database\BaseBuilder->get()
 4 APPPATH\Controllers\UsuarioController.php(17): App\Models\UsuarioModel->obtenerUsuarios()
 5 SYSTEMPATH\CodeIgniter.php(934): App\Controllers\UsuarioController->obtenerUsuarios()
 6 SYSTEMPATH\CodeIgniter.php(499): CodeIgniter\CodeIgniter->runController(Object(App\Controllers\UsuarioController))
 7 SYSTEMPATH\CodeIgniter.php(368): CodeIgniter\CodeIgniter->handleRequest(null, Object(Config\Cache), false)
 8 FCPATH\index.php(67): CodeIgniter\CodeIgniter->run()
CRITICAL - 2023-05-03 23:25:39 --> Invalid file: "/components/navar-cliente.php"
in SYSTEMPATH\Exceptions\FrameworkException.php on line 33.
 1 SYSTEMPATH\View\View.php(201): CodeIgniter\Exceptions\FrameworkException::forInvalidFile('/components/navar-cliente.php')
 2 SYSTEMPATH\Common.php(1184): CodeIgniter\View\View->render('/components/navar-cliente', [], true)
 3 APPPATH\Controllers\UsuarioController.php(21): view('/components/navar-cliente')
 4 SYSTEMPATH\CodeIgniter.php(934): App\Controllers\UsuarioController->obtenerUsuarios()
 5 SYSTEMPATH\CodeIgniter.php(499): CodeIgniter\CodeIgniter->runController(Object(App\Controllers\UsuarioController))
 6 SYSTEMPATH\CodeIgniter.php(368): CodeIgniter\CodeIgniter->handleRequest(null, Object(Config\Cache), false)
 7 FCPATH\index.php(67): CodeIgniter\CodeIgniter->run()
CRITICAL - 2023-05-03 23:26:07 --> Invalid file: "/pages/back-usuario/listar-usuario.php"
in SYSTEMPATH\Exceptions\FrameworkException.php on line 33.
 1 SYSTEMPATH\View\View.php(201): CodeIgniter\Exceptions\FrameworkException::forInvalidFile('/pages/back-usuario/listar-usuario.php')
 2 SYSTEMPATH\Common.php(1184): CodeIgniter\View\View->render('/pages/back-usuario/listar-usuario', [], true)
 3 APPPATH\Controllers\UsuarioController.php(22): view('/pages/back-usuario/listar-usuario', [...])
 4 SYSTEMPATH\CodeIgniter.php(934): App\Controllers\UsuarioController->obtenerUsuarios()
 5 SYSTEMPATH\CodeIgniter.php(499): CodeIgniter\CodeIgniter->runController(Object(App\Controllers\UsuarioController))
 6 SYSTEMPATH\CodeIgniter.php(368): CodeIgniter\CodeIgniter->handleRequest(null, Object(Config\Cache), false)
 7 FCPATH\index.php(67): CodeIgniter\CodeIgniter->run()
CRITICAL - 2023-05-03 23:26:28 --> Invalid file: "/pages/back-usuarios/listar-usuario.php"
in SYSTEMPATH\Exceptions\FrameworkException.php on line 33.
 1 SYSTEMPATH\View\View.php(201): CodeIgniter\Exceptions\FrameworkException::forInvalidFile('/pages/back-usuarios/listar-usuario.php')
 2 SYSTEMPATH\Common.php(1184): CodeIgniter\View\View->render('/pages/back-usuarios/listar-usuario', [], true)
 3 APPPATH\Controllers\UsuarioController.php(22): view('/pages/back-usuarios/listar-usuario', [...])
 4 SYSTEMPATH\CodeIgniter.php(934): App\Controllers\UsuarioController->obtenerUsuarios()
 5 SYSTEMPATH\CodeIgniter.php(499): CodeIgniter\CodeIgniter->runController(Object(App\Controllers\UsuarioController))
 6 SYSTEMPATH\CodeIgniter.php(368): CodeIgniter\CodeIgniter->handleRequest(null, Object(Config\Cache), false)
 7 FCPATH\index.php(67): CodeIgniter\CodeIgniter->run()
